<?xml version="1.0" encoding="UTF-8"?>
<!-- Generated by org.testng.reporters.JUnitXMLReporter -->
<testsuite ignored="0" hostname="DESKTOP-AOMEI0O" failures="0" tests="2" name="Default test" time="24.549" errors="0" timestamp="16 Apr 2021 06:00:29 GMT">
  <testcase classname="com.team.findinghospital.qa.testcases.URLTest" name="invalidURLTest" time="2.874"/>
  <testcase classname="com.team.findinghospital.qa.testcases.URLTest" name="validURLTest" time="1.785"/>
</testsuite> <!-- Default test -->
