<?xml version="1.0" encoding="UTF-8"?>
<!-- Generated by org.testng.reporters.JUnitXMLReporter -->
<testsuite ignored="0" hostname="DESKTOP-AOMEI0O" failures="0" tests="9" name="Test" time="176.458" errors="0" timestamp="16 Apr 2021 05:57:23 GMT">
  <testcase classname="com.team.findinghospital.qa.testcases.URLTest" name="invalidURLTest" time="2.711"/>
  <testcase classname="com.team.findinghospital.qa.testcases.URLTest" name="validURLTest" time="0.981"/>
  <testcase classname="com.team.findinghospital.qa.testcases.LandingPageTest" name="cityTest" time="18.845"/>
  <testcase classname="com.team.findinghospital.qa.testcases.SearchFiltersTest" name="cityTest" time="33.437"/>
  <testcase classname="com.team.findinghospital.qa.testcases.DiagnosticPageTest" name="cityTest" time="7.46"/>
  <testcase classname="com.team.findinghospital.qa.testcases.CorporateWellnessPageTest" name="scheduleDem1" time="2.969"/>
  <testcase classname="com.team.findinghospital.qa.testcases.CorporateWellnessPageTest" name="scheduleDemo2" time="10.021"/>
  <testcase classname="com.team.findinghospital.qa.testcases.CorporateWellnessPageTest" name="scheduleDemo3" time="3.201"/>
  <testcase classname="com.team.findinghospital.qa.testcases.CorporateWellnessPageTest" name="scheduleDemo4" time="7.279"/>
</testsuite> <!-- Test -->
