<?xml version="1.0" encoding="UTF-8"?>
<!-- Generated by org.testng.reporters.JUnitXMLReporter -->
<testsuite ignored="0" hostname="DESKTOP-AOMEI0O" failures="0" tests="9" name="Command line test" time="174.808" errors="0" timestamp="16 Apr 2021 06:22:36 GMT">
  <testcase classname="com.team.findinghospital.qa.testcases.CorporateWellnessPageTest" name="scheduleDem1" time="3.004"/>
  <testcase classname="com.team.findinghospital.qa.testcases.CorporateWellnessPageTest" name="scheduleDemo2" time="8.256"/>
  <testcase classname="com.team.findinghospital.qa.testcases.CorporateWellnessPageTest" name="scheduleDemo3" time="7.626"/>
  <testcase classname="com.team.findinghospital.qa.testcases.CorporateWellnessPageTest" name="scheduleDemo4" time="3.497"/>
  <testcase classname="com.team.findinghospital.qa.testcases.DiagnosticPageTest" name="cityTest" time="7.307"/>
  <testcase classname="com.team.findinghospital.qa.testcases.LandingPageTest" name="cityTest" time="13.094"/>
  <testcase classname="com.team.findinghospital.qa.testcases.SearchFiltersTest" name="cityTest" time="33.128"/>
  <testcase classname="com.team.findinghospital.qa.testcases.URLTest" name="invalidURLTest" time="0.636"/>
  <testcase classname="com.team.findinghospital.qa.testcases.URLTest" name="validURLTest" time="3.772"/>
</testsuite> <!-- Command line test -->
