<?xml version="1.0" encoding="UTF-8"?>
<testng-results ignored="0" total="9" passed="9" failed="0" skipped="0">
  <reporter-output>
  </reporter-output>
  <suite started-at="2021-04-16T06:19:41Z" name="Command line suite" finished-at="2021-04-16T06:22:35Z" duration-ms="174808">
    <groups>
    </groups>
    <test started-at="2021-04-16T06:19:41Z" name="Command line test" finished-at="2021-04-16T06:22:35Z" duration-ms="174808">
      <class name="com.team.findinghospital.qa.testcases.SearchFiltersTest">
        <test-method is-config="true" signature="setup()[pri:0, instance:com.team.findinghospital.qa.testcases.SearchFiltersTest@5bd03f44]" started-at="2021-04-16T11:51:30Z" name="setup" finished-at="2021-04-16T11:51:39Z" duration-ms="8715" status="PASS">
          <reporter-output>
          </reporter-output>
        </test-method> <!-- setup -->
        <test-method signature="cityTest()[pri:0, instance:com.team.findinghospital.qa.testcases.SearchFiltersTest@5bd03f44]" started-at="2021-04-16T11:51:39Z" name="cityTest" finished-at="2021-04-16T11:52:12Z" duration-ms="33128" status="PASS">
          <reporter-output>
          </reporter-output>
        </test-method> <!-- cityTest -->
        <test-method is-config="true" signature="close()[pri:0, instance:com.team.findinghospital.qa.testcases.SearchFiltersTest@5bd03f44]" started-at="2021-04-16T11:52:12Z" name="close" finished-at="2021-04-16T11:52:13Z" duration-ms="594" status="PASS">
          <reporter-output>
          </reporter-output>
        </test-method> <!-- close -->
      </class> <!-- com.team.findinghospital.qa.testcases.SearchFiltersTest -->
      <class name="com.team.findinghospital.qa.testcases.LandingPageTest">
        <test-method is-config="true" signature="setup()[pri:0, instance:com.team.findinghospital.qa.testcases.LandingPageTest@17046283]" started-at="2021-04-16T11:51:06Z" name="setup" finished-at="2021-04-16T11:51:16Z" duration-ms="10081" status="PASS">
          <reporter-output>
          </reporter-output>
        </test-method> <!-- setup -->
        <test-method signature="cityTest()[pri:0, instance:com.team.findinghospital.qa.testcases.LandingPageTest@17046283]" started-at="2021-04-16T11:51:16Z" name="cityTest" finished-at="2021-04-16T11:51:29Z" duration-ms="13094" status="PASS">
          <reporter-output>
          </reporter-output>
        </test-method> <!-- cityTest -->
        <test-method is-config="true" signature="close()[pri:0, instance:com.team.findinghospital.qa.testcases.LandingPageTest@17046283]" started-at="2021-04-16T11:51:29Z" name="close" finished-at="2021-04-16T11:51:30Z" duration-ms="778" status="PASS">
          <reporter-output>
          </reporter-output>
        </test-method> <!-- close -->
      </class> <!-- com.team.findinghospital.qa.testcases.LandingPageTest -->
      <class name="com.team.findinghospital.qa.testcases.DiagnosticPageTest">
        <test-method is-config="true" signature="setup()[pri:0, instance:com.team.findinghospital.qa.testcases.DiagnosticPageTest@70e8f8e]" started-at="2021-04-16T11:50:47Z" name="setup" finished-at="2021-04-16T11:50:52Z" duration-ms="4846" status="PASS">
          <reporter-output>
          </reporter-output>
        </test-method> <!-- setup -->
        <test-method signature="cityTest()[pri:0, instance:com.team.findinghospital.qa.testcases.DiagnosticPageTest@70e8f8e]" started-at="2021-04-16T11:50:52Z" name="cityTest" finished-at="2021-04-16T11:51:00Z" duration-ms="7307" status="PASS">
          <reporter-output>
          </reporter-output>
        </test-method> <!-- cityTest -->
        <test-method is-config="true" signature="close()[pri:0, instance:com.team.findinghospital.qa.testcases.DiagnosticPageTest@70e8f8e]" started-at="2021-04-16T11:51:00Z" name="close" finished-at="2021-04-16T11:51:06Z" duration-ms="6713" status="PASS">
          <reporter-output>
          </reporter-output>
        </test-method> <!-- close -->
      </class> <!-- com.team.findinghospital.qa.testcases.DiagnosticPageTest -->
      <class name="com.team.findinghospital.qa.testcases.URLTest">
        <test-method is-config="true" signature="setup()[pri:0, instance:com.team.findinghospital.qa.testcases.URLTest@29626d54]" started-at="2021-04-16T11:52:13Z" name="setup" finished-at="2021-04-16T11:52:23Z" duration-ms="10276" status="PASS">
          <reporter-output>
          </reporter-output>
        </test-method> <!-- setup -->
        <test-method signature="invalidURLTest()[pri:0, instance:com.team.findinghospital.qa.testcases.URLTest@29626d54]" started-at="2021-04-16T11:52:23Z" name="invalidURLTest" finished-at="2021-04-16T11:52:24Z" duration-ms="636" status="PASS">
          <reporter-output>
          </reporter-output>
        </test-method> <!-- invalidURLTest -->
        <test-method is-config="true" signature="close()[pri:0, instance:com.team.findinghospital.qa.testcases.URLTest@29626d54]" started-at="2021-04-16T11:52:24Z" name="close" finished-at="2021-04-16T11:52:25Z" duration-ms="1057" status="PASS">
          <reporter-output>
          </reporter-output>
        </test-method> <!-- close -->
        <test-method is-config="true" signature="setup()[pri:0, instance:com.team.findinghospital.qa.testcases.URLTest@29626d54]" started-at="2021-04-16T11:52:25Z" name="setup" finished-at="2021-04-16T11:52:31Z" duration-ms="5912" status="PASS">
          <reporter-output>
          </reporter-output>
        </test-method> <!-- setup -->
        <test-method signature="validURLTest()[pri:0, instance:com.team.findinghospital.qa.testcases.URLTest@29626d54]" started-at="2021-04-16T11:52:31Z" name="validURLTest" finished-at="2021-04-16T11:52:34Z" duration-ms="3772" status="PASS">
          <reporter-output>
          </reporter-output>
        </test-method> <!-- validURLTest -->
        <test-method is-config="true" signature="close()[pri:0, instance:com.team.findinghospital.qa.testcases.URLTest@29626d54]" started-at="2021-04-16T11:52:34Z" name="close" finished-at="2021-04-16T11:52:35Z" duration-ms="1150" status="PASS">
          <reporter-output>
          </reporter-output>
        </test-method> <!-- close -->
      </class> <!-- com.team.findinghospital.qa.testcases.URLTest -->
      <class name="com.team.findinghospital.qa.testcases.CorporateWellnessPageTest">
        <test-method is-config="true" signature="setup()[pri:0, instance:com.team.findinghospital.qa.testcases.CorporateWellnessPageTest@2e4b8173]" started-at="2021-04-16T11:49:41Z" name="setup" finished-at="2021-04-16T11:49:50Z" duration-ms="9778" status="PASS">
          <reporter-output>
          </reporter-output>
        </test-method> <!-- setup -->
        <test-method signature="scheduleDem1()[pri:0, instance:com.team.findinghospital.qa.testcases.CorporateWellnessPageTest@2e4b8173]" started-at="2021-04-16T11:49:50Z" name="scheduleDem1" finished-at="2021-04-16T11:49:53Z" duration-ms="3004" status="PASS">
          <reporter-output>
          </reporter-output>
        </test-method> <!-- scheduleDem1 -->
        <test-method is-config="true" signature="close()[pri:0, instance:com.team.findinghospital.qa.testcases.CorporateWellnessPageTest@2e4b8173]" started-at="2021-04-16T11:49:53Z" name="close" finished-at="2021-04-16T11:49:55Z" duration-ms="1577" status="PASS">
          <reporter-output>
          </reporter-output>
        </test-method> <!-- close -->
        <test-method is-config="true" signature="setup()[pri:0, instance:com.team.findinghospital.qa.testcases.CorporateWellnessPageTest@2e4b8173]" started-at="2021-04-16T11:49:55Z" name="setup" finished-at="2021-04-16T11:50:03Z" duration-ms="8349" status="PASS">
          <reporter-output>
          </reporter-output>
        </test-method> <!-- setup -->
        <test-method signature="scheduleDemo2()[pri:0, instance:com.team.findinghospital.qa.testcases.CorporateWellnessPageTest@2e4b8173]" started-at="2021-04-16T11:50:03Z" name="scheduleDemo2" finished-at="2021-04-16T11:50:12Z" duration-ms="8256" status="PASS">
          <reporter-output>
          </reporter-output>
        </test-method> <!-- scheduleDemo2 -->
        <test-method is-config="true" signature="close()[pri:0, instance:com.team.findinghospital.qa.testcases.CorporateWellnessPageTest@2e4b8173]" started-at="2021-04-16T11:50:12Z" name="close" finished-at="2021-04-16T11:50:14Z" duration-ms="2604" status="PASS">
          <reporter-output>
          </reporter-output>
        </test-method> <!-- close -->
        <test-method is-config="true" signature="setup()[pri:0, instance:com.team.findinghospital.qa.testcases.CorporateWellnessPageTest@2e4b8173]" started-at="2021-04-16T11:50:14Z" name="setup" finished-at="2021-04-16T11:50:23Z" duration-ms="9025" status="PASS">
          <reporter-output>
          </reporter-output>
        </test-method> <!-- setup -->
        <test-method signature="scheduleDemo3()[pri:0, instance:com.team.findinghospital.qa.testcases.CorporateWellnessPageTest@2e4b8173]" started-at="2021-04-16T11:50:23Z" name="scheduleDemo3" finished-at="2021-04-16T11:50:31Z" duration-ms="7626" status="PASS">
          <reporter-output>
          </reporter-output>
        </test-method> <!-- scheduleDemo3 -->
        <test-method is-config="true" signature="close()[pri:0, instance:com.team.findinghospital.qa.testcases.CorporateWellnessPageTest@2e4b8173]" started-at="2021-04-16T11:50:31Z" name="close" finished-at="2021-04-16T11:50:34Z" duration-ms="3109" status="PASS">
          <reporter-output>
          </reporter-output>
        </test-method> <!-- close -->
        <test-method is-config="true" signature="setup()[pri:0, instance:com.team.findinghospital.qa.testcases.CorporateWellnessPageTest@2e4b8173]" started-at="2021-04-16T11:50:34Z" name="setup" finished-at="2021-04-16T11:50:42Z" duration-ms="8201" status="PASS">
          <reporter-output>
          </reporter-output>
        </test-method> <!-- setup -->
        <test-method signature="scheduleDemo4()[pri:0, instance:com.team.findinghospital.qa.testcases.CorporateWellnessPageTest@2e4b8173]" started-at="2021-04-16T11:50:42Z" name="scheduleDemo4" finished-at="2021-04-16T11:50:46Z" duration-ms="3497" status="PASS">
          <reporter-output>
          </reporter-output>
        </test-method> <!-- scheduleDemo4 -->
        <test-method is-config="true" signature="close()[pri:0, instance:com.team.findinghospital.qa.testcases.CorporateWellnessPageTest@2e4b8173]" started-at="2021-04-16T11:50:46Z" name="close" finished-at="2021-04-16T11:50:47Z" duration-ms="1694" status="PASS">
          <reporter-output>
          </reporter-output>
        </test-method> <!-- close -->
      </class> <!-- com.team.findinghospital.qa.testcases.CorporateWellnessPageTest -->
    </test> <!-- Command line test -->
  </suite> <!-- Command line suite -->
</testng-results>
