<?xml version="1.0" encoding="UTF-8"?>
<testng-results ignored="0" total="2" passed="2" failed="0" skipped="0">
  <reporter-output>
  </reporter-output>
  <suite started-at="2021-04-16T06:00:04Z" name="Default suite" finished-at="2021-04-16T06:00:29Z" duration-ms="24549">
    <groups>
    </groups>
    <test started-at="2021-04-16T06:00:04Z" name="Default test" finished-at="2021-04-16T06:00:29Z" duration-ms="24549">
      <class name="com.team.findinghospital.qa.testcases.URLTest">
        <test-method is-config="true" signature="setup()[pri:0, instance:com.team.findinghospital.qa.testcases.URLTest@b9b00e0]" started-at="2021-04-16T11:30:04Z" name="setup" finished-at="2021-04-16T11:30:11Z" duration-ms="6449" status="PASS">
          <reporter-output>
          </reporter-output>
        </test-method> <!-- setup -->
        <test-method signature="invalidURLTest()[pri:0, instance:com.team.findinghospital.qa.testcases.URLTest@b9b00e0]" started-at="2021-04-16T11:30:11Z" name="invalidURLTest" finished-at="2021-04-16T11:30:14Z" duration-ms="2874" status="PASS">
          <reporter-output>
          </reporter-output>
        </test-method> <!-- invalidURLTest -->
        <test-method is-config="true" signature="close()[pri:0, instance:com.team.findinghospital.qa.testcases.URLTest@b9b00e0]" started-at="2021-04-16T11:30:14Z" name="close" finished-at="2021-04-16T11:30:15Z" duration-ms="1295" status="PASS">
          <reporter-output>
          </reporter-output>
        </test-method> <!-- close -->
        <test-method is-config="true" signature="setup()[pri:0, instance:com.team.findinghospital.qa.testcases.URLTest@b9b00e0]" started-at="2021-04-16T11:30:15Z" name="setup" finished-at="2021-04-16T11:30:25Z" duration-ms="10457" status="PASS">
          <reporter-output>
          </reporter-output>
        </test-method> <!-- setup -->
        <test-method signature="validURLTest()[pri:0, instance:com.team.findinghospital.qa.testcases.URLTest@b9b00e0]" started-at="2021-04-16T11:30:25Z" name="validURLTest" finished-at="2021-04-16T11:30:27Z" duration-ms="1785" status="PASS">
          <reporter-output>
          </reporter-output>
        </test-method> <!-- validURLTest -->
        <test-method is-config="true" signature="close()[pri:0, instance:com.team.findinghospital.qa.testcases.URLTest@b9b00e0]" started-at="2021-04-16T11:30:27Z" name="close" finished-at="2021-04-16T11:30:29Z" duration-ms="1670" status="PASS">
          <reporter-output>
          </reporter-output>
        </test-method> <!-- close -->
      </class> <!-- com.team.findinghospital.qa.testcases.URLTest -->
    </test> <!-- Default test -->
  </suite> <!-- Default suite -->
</testng-results>
